<?xml version="1.0" encoding="UTF-8"?>
<robot generator="Robot 3.1.2 (Python 3.6.1 on win32)" generated="20190620 23:46:42.717" rpa="false">
<suite id="s1" name="Tests" source="C:\wamp64\www\OpenTill\testing\tests.robot">
<test id="s1-t1" name="Valid Login">
<kw name="Open Browser To Login Page">
<msg timestamp="20190620 23:46:42.743" level="FAIL">No keyword with name 'Open Browser To Login Page' found.</msg>
<status status="FAIL" starttime="20190620 23:46:42.743" endtime="20190620 23:46:42.743"></status>
</kw>
<kw name="Close Browser" type="teardown">
<msg timestamp="20190620 23:46:42.744" level="FAIL">No keyword with name 'Close Browser' found.</msg>
<status status="FAIL" starttime="20190620 23:46:42.744" endtime="20190620 23:46:42.744">No keyword with name 'Close Browser' found.</status>
</kw>
<status status="FAIL" starttime="20190620 23:46:42.741" endtime="20190620 23:46:42.744" critical="yes">No keyword with name 'Open Browser To Login Page' found.

Also teardown failed:
No keyword with name 'Close Browser' found.</status>
</test>
<doc>A test suite with a single test for valid login.

This test has a workflow that is created using keywords in
the imported resource file.</doc>
<status status="FAIL" starttime="20190620 23:46:42.718" endtime="20190620 23:46:42.745"></status>
</suite>
<statistics>
<total>
<stat pass="0" fail="1">Critical Tests</stat>
<stat pass="0" fail="1">All Tests</stat>
</total>
<tag>
</tag>
<suite>
<stat pass="0" fail="1" id="s1" name="Tests">Tests</stat>
</suite>
</statistics>
<errors>
<msg timestamp="20190620 23:46:42.740" level="ERROR">Error in file 'C:\wamp64\www\OpenTill\testing\tests.robot': Resource file 'resource.txt' does not exist.</msg>
</errors>
</robot>
